*** Using Compiler 'V5.05 update 1 (build 106)', folder: 'E:\Keil5\ARM\ARMCC\Bin'
Build target '3.1-InductiveEncoder_V1.0'
assembling startup_stm32f103xb.s...
compiling spi.c...
compiling stm32f1xx_it.c...
compiling main.c...
compiling usart.c...
compiling dma.c...
compiling gpio.c...
compiling stm32f1xx_hal_msp.c...
compiling stm32f1xx_hal_gpio_ex.c...
compiling stm32f1xx_hal.c...
compiling stm32f1xx_hal_gpio.c...
compiling stm32f1xx_hal_dma.c...
compiling stm32f1xx_hal_spi.c...
compiling stm32f1xx_hal_rcc_ex.c...
compiling stm32f1xx_hal_rcc.c...
compiling stm32f1xx_hal_cortex.c...
compiling stm32f1xx_hal_flash_ex.c...
compiling system_stm32f1xx.c...
compiling stm32f1xx_hal_flash.c...
compiling stm32f1xx_hal_exti.c...
compiling stm32f1xx_hal_pwr.c...
compiling stm32f1xx_hal_uart.c...
compiling ADS8631.c...
linking...
Program Size: Code=5500 RO-data=312 RW-data=16 ZI-data=2512  
FromELF: creating hex file...
"3.1-InductiveEncoder_V1.0\3.1-InductiveEncoder_V1.0" - 0 Error(s), 0 Warning(s).
Build Time Elapsed:  00:00:14
